<?xml version="1.0" encoding="utf-8"?><testsuites name="pytest tests"><testsuite name="pytest" errors="0" failures="0" skipped="0" tests="58" time="6.686" timestamp="2026-05-31T23:51:53.774768+00:00" hostname="agent-env-572c59c4-a291-428f-bf80-7d8c7aa84276"><testcase classname="backend.tests.backend_test.TestAuth" name="test_health" time="0.124" /><testcase classname="backend.tests.backend_test.TestAuth" name="test_register_duplicate_mobile" time="0.321" /><testcase classname="backend.tests.backend_test.TestAuth" name="test_register_password_mismatch" time="0.049" /><testcase classname="backend.tests.backend_test.TestAuth" name="test_login_invalid_password" time="0.272" /><testcase classname="backend.tests.backend_test.TestAuth" name="test_admin_login" time="0.273" /><testcase classname="backend.tests.backend_test.TestAuth" name="test_login_valid_user" time="0.271" /><testcase classname="backend.tests.backend_test.TestAuth" name="test_me" time="0.048" /><testcase classname="backend.tests.backend_test.TestAuth" name="test_change_password_wrong_current" time="0.279" /><testcase classname="backend.tests.backend_test.TestAuth" name="test_brute_force_lockout" time="0.348" /><testcase classname="backend.tests.backend_test.TestWallet" name="test_wallet_summary" time="0.052" /><testcase classname="backend.tests.backend_test.TestWallet" name="test_transactions_filters" time="0.052" /><testcase classname="backend.tests.backend_test.TestCreditAPI" name="test_get_seeded_api_key" time="0.046" /><testcase classname="backend.tests.backend_test.TestCreditAPI" name="test_credit_invalid_key" time="0.060" /><testcase classname="backend.tests.backend_test.TestCreditAPI" name="test_credit_success" time="0.096" /><testcase classname="backend.tests.backend_test.TestCreditAPI" name="test_credit_duplicate" time="0.048" /><testcase classname="backend.tests.backend_test.TestCreditAPI" name="test_credit_paused_key" time="0.148" /><testcase classname="backend.tests.backend_test.TestPaymentAndWithdrawal" name="test_add_upi_invalid" time="0.049" /><testcase classname="backend.tests.backend_test.TestPaymentAndWithdrawal" name="test_add_upi_ok" time="0.052" /><testcase classname="backend.tests.backend_test.TestPaymentAndWithdrawal" name="test_list_pm" time="0.053" /><testcase classname="backend.tests.backend_test.TestPaymentAndWithdrawal" name="test_withdraw_insufficient" time="0.050" /><testcase classname="backend.tests.backend_test.TestPaymentAndWithdrawal" name="test_withdraw_success" time="0.056" /><testcase classname="backend.tests.backend_test.TestPaymentAndWithdrawal" name="test_list_withdrawals" time="0.049" /><testcase classname="backend.tests.backend_test.TestNotifications" name="test_list" time="0.049" /><testcase classname="backend.tests.backend_test.TestNotifications" name="test_mark_read" time="0.052" /><testcase classname="backend.tests.backend_test.TestAdmin" name="test_dashboard" time="0.059" /><testcase classname="backend.tests.backend_test.TestAdmin" name="test_users_list" time="0.051" /><testcase classname="backend.tests.backend_test.TestAdmin" name="test_user_detail" time="0.071" /><testcase classname="backend.tests.backend_test.TestAdmin" name="test_patch_user" time="0.048" /><testcase classname="backend.tests.backend_test.TestAdmin" name="test_login_as" time="0.048" /><testcase classname="backend.tests.backend_test.TestAdmin" name="test_force_logout" time="0.053" /><testcase classname="backend.tests.backend_test.TestAdmin" name="test_wallet_credit_debit_adjust" time="0.189" /><testcase classname="backend.tests.backend_test.TestAdmin" name="test_freeze_unfreeze" time="0.096" /><testcase classname="backend.tests.backend_test.TestAdmin" name="test_reverse_credit_tx" time="0.105" /><testcase classname="backend.tests.backend_test.TestAdmin" name="test_withdrawals_admin_list" time="0.051" /><testcase classname="backend.tests.backend_test.TestAdmin" name="test_withdrawals_approve_paid" time="0.129" /><testcase classname="backend.tests.backend_test.TestAdmin" name="test_withdrawals_reject_refund" time="0.315" /><testcase classname="backend.tests.backend_test.TestAdmin" name="test_withdrawals_bulk_and_export" time="0.101" /><testcase classname="backend.tests.backend_test.TestAdmin" name="test_api_keys_crud" time="0.188" /><testcase classname="backend.tests.backend_test.TestAdmin" name="test_api_logs" time="0.060" /><testcase classname="backend.tests.backend_test.TestAdmin" name="test_broadcast_all_and_selected" time="0.125" /><testcase classname="backend.tests.backend_test.TestAdmin" name="test_security_endpoints" time="0.095" /><testcase classname="backend.tests.backend_test.TestAdmin" name="test_settings" time="0.149" /><testcase classname="backend.tests.backend_test.TestAdmin" name="test_non_admin_blocked" time="0.049" /><testcase classname="backend.tests.test_refactor_regression.TestGatewayCredit" name="test_missing_wallet_returns_error_400" time="0.511" /><testcase classname="backend.tests.test_refactor_regression.TestGatewayCredit" name="test_missing_key_returns_error_400" time="0.332" /><testcase classname="backend.tests.test_refactor_regression.TestGatewayCredit" name="test_invalid_amount_returns_error_400" time="0.100" /><testcase classname="backend.tests.test_refactor_regression.TestGatewayCredit" name="test_invalid_api_key_returns_401" time="0.055" /><testcase classname="backend.tests.test_refactor_regression.TestGatewayCredit" name="test_valid_credit_success_text" time="0.057" /><testcase classname="backend.tests.test_refactor_regression.TestGatewayCredit" name="test_duplicate_detection_returns_409" time="0.056" /><testcase classname="backend.tests.test_refactor_regression.TestGatewayCredit" name="test_valid_credit_success_json" time="0.055" /><testcase classname="backend.tests.test_refactor_regression.TestGatewayCredit" name="test_format_default_is_text" time="0.056" /><testcase classname="backend.tests.test_refactor_regression.TestAdminTransactionsFilters" name="test_basic_list_has_required_keys" time="0.056" /><testcase classname="backend.tests.test_refactor_regression.TestAdminTransactionsFilters" name="test_filter_type_credit" time="0.055" /><testcase classname="backend.tests.test_refactor_regression.TestAdminTransactionsFilters" name="test_filter_status_completed" time="0.060" /><testcase classname="backend.tests.test_refactor_regression.TestAdminTransactionsFilters" name="test_filter_amount_range" time="0.055" /><testcase classname="backend.tests.test_refactor_regression.TestAdminTransactionsFilters" name="test_filter_date_range" time="0.056" /><testcase classname="backend.tests.test_refactor_regression.TestAdminTransactionsFilters" name="test_search_q_and_enrichment" time="0.122" /><testcase classname="backend.tests.test_refactor_regression.TestTelegramRefactor" name="test_telegram_test_endpoint_returns_ok" time="0.058" /></testsuite></testsuites>