<?xml version="1.0" encoding="utf-8"?><testsuites name="pytest tests"><testsuite name="pytest" errors="0" failures="0" skipped="0" tests="43" time="5.361" timestamp="2026-05-31T20:48:27.221272+00:00" hostname="agent-env-572c59c4-a291-428f-bf80-7d8c7aa84276"><testcase classname="backend.tests.backend_test.TestAuth" name="test_health" time="0.150" /><testcase classname="backend.tests.backend_test.TestAuth" name="test_register_duplicate_mobile" time="0.333" /><testcase classname="backend.tests.backend_test.TestAuth" name="test_register_password_mismatch" time="0.079" /><testcase classname="backend.tests.backend_test.TestAuth" name="test_login_invalid_password" time="0.277" /><testcase classname="backend.tests.backend_test.TestAuth" name="test_admin_login" time="0.278" /><testcase classname="backend.tests.backend_test.TestAuth" name="test_login_valid_user" time="0.279" /><testcase classname="backend.tests.backend_test.TestAuth" name="test_me" time="0.053" /><testcase classname="backend.tests.backend_test.TestAuth" name="test_change_password_wrong_current" time="0.278" /><testcase classname="backend.tests.backend_test.TestAuth" name="test_brute_force_lockout" time="0.401" /><testcase classname="backend.tests.backend_test.TestWallet" name="test_wallet_summary" time="0.091" /><testcase classname="backend.tests.backend_test.TestWallet" name="test_transactions_filters" time="0.058" /><testcase classname="backend.tests.backend_test.TestCreditAPI" name="test_get_seeded_api_key" time="0.057" /><testcase classname="backend.tests.backend_test.TestCreditAPI" name="test_credit_invalid_key" time="0.056" /><testcase classname="backend.tests.backend_test.TestCreditAPI" name="test_credit_success" time="0.114" /><testcase classname="backend.tests.backend_test.TestCreditAPI" name="test_credit_duplicate" time="0.074" /><testcase classname="backend.tests.backend_test.TestCreditAPI" name="test_credit_paused_key" time="0.166" /><testcase classname="backend.tests.backend_test.TestPaymentAndWithdrawal" name="test_add_upi_invalid" time="0.064" /><testcase classname="backend.tests.backend_test.TestPaymentAndWithdrawal" name="test_add_upi_ok" time="0.057" /><testcase classname="backend.tests.backend_test.TestPaymentAndWithdrawal" name="test_list_pm" time="0.059" /><testcase classname="backend.tests.backend_test.TestPaymentAndWithdrawal" name="test_withdraw_insufficient" time="0.061" /><testcase classname="backend.tests.backend_test.TestPaymentAndWithdrawal" name="test_withdraw_success" time="0.059" /><testcase classname="backend.tests.backend_test.TestPaymentAndWithdrawal" name="test_list_withdrawals" time="0.058" /><testcase classname="backend.tests.backend_test.TestNotifications" name="test_list" time="0.055" /><testcase classname="backend.tests.backend_test.TestNotifications" name="test_mark_read" time="0.059" /><testcase classname="backend.tests.backend_test.TestAdmin" name="test_dashboard" time="0.055" /><testcase classname="backend.tests.backend_test.TestAdmin" name="test_users_list" time="0.058" /><testcase classname="backend.tests.backend_test.TestAdmin" name="test_user_detail" time="0.056" /><testcase classname="backend.tests.backend_test.TestAdmin" name="test_patch_user" time="0.056" /><testcase classname="backend.tests.backend_test.TestAdmin" name="test_login_as" time="0.055" /><testcase classname="backend.tests.backend_test.TestAdmin" name="test_force_logout" time="0.051" /><testcase classname="backend.tests.backend_test.TestAdmin" name="test_wallet_credit_debit_adjust" time="0.186" /><testcase classname="backend.tests.backend_test.TestAdmin" name="test_freeze_unfreeze" time="0.107" /><testcase classname="backend.tests.backend_test.TestAdmin" name="test_reverse_credit_tx" time="0.108" /><testcase classname="backend.tests.backend_test.TestAdmin" name="test_withdrawals_admin_list" time="0.059" /><testcase classname="backend.tests.backend_test.TestAdmin" name="test_withdrawals_approve_paid" time="0.109" /><testcase classname="backend.tests.backend_test.TestAdmin" name="test_withdrawals_reject_refund" time="0.305" /><testcase classname="backend.tests.backend_test.TestAdmin" name="test_withdrawals_bulk_and_export" time="0.109" /><testcase classname="backend.tests.backend_test.TestAdmin" name="test_api_keys_crud" time="0.158" /><testcase classname="backend.tests.backend_test.TestAdmin" name="test_api_logs" time="0.061" /><testcase classname="backend.tests.backend_test.TestAdmin" name="test_broadcast_all_and_selected" time="0.136" /><testcase classname="backend.tests.backend_test.TestAdmin" name="test_security_endpoints" time="0.125" /><testcase classname="backend.tests.backend_test.TestAdmin" name="test_settings" time="0.164" /><testcase classname="backend.tests.backend_test.TestAdmin" name="test_non_admin_blocked" time="0.110" /></testsuite></testsuites>