<?xml version="1.0" encoding="utf-8"?><testsuites name="pytest tests"><testsuite name="pytest" errors="0" failures="0" skipped="0" tests="15" time="1.698" timestamp="2026-05-31T23:51:47.937978+00:00" hostname="agent-env-572c59c4-a291-428f-bf80-7d8c7aa84276"><testcase classname="backend.tests.test_refactor_regression.TestGatewayCredit" name="test_missing_wallet_returns_error_400" time="0.561" /><testcase classname="backend.tests.test_refactor_regression.TestGatewayCredit" name="test_missing_key_returns_error_400" time="0.315" /><testcase classname="backend.tests.test_refactor_regression.TestGatewayCredit" name="test_invalid_amount_returns_error_400" time="0.086" /><testcase classname="backend.tests.test_refactor_regression.TestGatewayCredit" name="test_invalid_api_key_returns_401" time="0.045" /><testcase classname="backend.tests.test_refactor_regression.TestGatewayCredit" name="test_valid_credit_success_text" time="0.047" /><testcase classname="backend.tests.test_refactor_regression.TestGatewayCredit" name="test_duplicate_detection_returns_409" time="0.048" /><testcase classname="backend.tests.test_refactor_regression.TestGatewayCredit" name="test_valid_credit_success_json" time="0.049" /><testcase classname="backend.tests.test_refactor_regression.TestGatewayCredit" name="test_format_default_is_text" time="0.051" /><testcase classname="backend.tests.test_refactor_regression.TestAdminTransactionsFilters" name="test_basic_list_has_required_keys" time="0.047" /><testcase classname="backend.tests.test_refactor_regression.TestAdminTransactionsFilters" name="test_filter_type_credit" time="0.058" /><testcase classname="backend.tests.test_refactor_regression.TestAdminTransactionsFilters" name="test_filter_status_completed" time="0.049" /><testcase classname="backend.tests.test_refactor_regression.TestAdminTransactionsFilters" name="test_filter_amount_range" time="0.045" /><testcase classname="backend.tests.test_refactor_regression.TestAdminTransactionsFilters" name="test_filter_date_range" time="0.045" /><testcase classname="backend.tests.test_refactor_regression.TestAdminTransactionsFilters" name="test_search_q_and_enrichment" time="0.098" /><testcase classname="backend.tests.test_refactor_regression.TestTelegramRefactor" name="test_telegram_test_endpoint_returns_ok" time="0.064" /></testsuite></testsuites>